<?xml version="1.0" encoding="UTF-8"?>
<!-- Generated by org.testng.reporters.JUnitXMLReporter -->
<testsuite ignored="0" hostname="DESKTOP-2J0GGEI" failures="0" tests="3" name="Test1" time="45.314" errors="0" timestamp="2025-06-27T13:44:45 IST">
  <testcase classname="org.crossBrowserExecutionclasses.SharifBhai" name="launchApplication" time="21.083"/>
  <testcase classname="org.crossBrowserExecutionclasses.Faasos" name="launchApplication" time="8.595"/>
  <testcase classname="org.crossBrowserExecutionclasses.MagicPin" name="launchApplication" time="15.506"/>
</testsuite> <!-- Test1 -->
