<?xml version="1.0" encoding="UTF-8"?>
<!-- Generated by org.testng.reporters.JUnitXMLReporter -->
<testsuite ignored="3" hostname="DESKTOP-2J0GGEI" failures="0" tests="3" name="Test" time="14.182" errors="0" timestamp="2025-06-30T08:47:24 IST">
  <testcase classname="org.groupExecutionClasses.Yash" name="launchingYashWikipedia" time="5.607"/>
  <testcase classname="org.groupExecutionClasses.AlluArjun" name="launchingHarleyBike" time="4.255"/>
  <testcase classname="org.groupExecutionClasses.SRK" name="launchingSRK" time="4.176"/>
  <testcase classname="org.groupExecutionClasses.Vicky" name="launchingVickyWikipedia" time="0.0">
    <ignored/>
  </testcase> <!-- launchingVickyWikipedia -->
  <testcase classname="org.groupExecutionClasses.MaheshBabu" name="launchingMaheshBabu" time="0.0">
    <ignored/>
  </testcase> <!-- launchingMaheshBabu -->
  <testcase classname="org.groupExecutionClasses.Punnet" name="launchingPunnetWikipedia" time="0.0">
    <ignored/>
  </testcase> <!-- launchingPunnetWikipedia -->
</testsuite> <!-- Test -->
