<?xml version="1.0" encoding="UTF-8"?>
<!-- Generated by org.testng.reporters.JUnitXMLReporter -->
<testsuite ignored="0" hostname="DESKTOP-2J0GGEI" failures="0" tests="3" name="Test2" time="35.438" errors="0" timestamp="2025-06-27T13:44:35 IST">
  <testcase classname="org.crossBrowserExecutionclasses.SharifBhai" name="launchApplication" time="23.898"/>
  <testcase classname="org.crossBrowserExecutionclasses.Faasos" name="launchApplication" time="6.542"/>
  <testcase classname="org.crossBrowserExecutionclasses.MagicPin" name="launchApplication" time="4.865"/>
</testsuite> <!-- Test2 -->
